[2m2024-08-30T13:26:00.878081Z[0m [31mERROR[0m [2mglazewm[0m[2m:[0m binding_modes[1].keybindings[0].commands: unrecognized subcommand
 at line 119 column 19
[2m2024-08-30T13:26:03.515377Z[0m [31mERROR[0m [2mglazewm[0m[2m:[0m binding_modes[1].keybindings[0].commands: unrecognized subcommand
 at line 119 column 19
[2m2024-08-30T13:26:09.298598Z[0m [31mERROR[0m [2mglazewm[0m[2m:[0m binding_modes[1].keybindings[0].commands: unrecognized subcommand
 at line 119 column 19
[2m2024-08-30T13:26:12.078280Z[0m [31mERROR[0m [2mglazewm[0m[2m:[0m binding_modes[1].keybindings[0].commands: unrecognized subcommand
 at line 119 column 19
[2m2024-08-30T13:47:28.851265Z[0m [31mERROR[0m [2mglazewm::common::commands::shell_exec[0m[2m:[0m [3merr_message[0m[2m=[0m"Failed to execute '%userprofile%/download/gat-gwm.exe'.\n\nError: Program path is not valid for command '%userprofile%/download/gat-gwm.exe'."
[2m2024-08-30T13:48:58.798341Z[0m [31mERROR[0m [2mglazewm::common::commands::shell_exec[0m[2m:[0m [3merr_message[0m[2m=[0m"Failed to execute '%userprofile%/Downloads/gat-gwm.exe'.\n\nError: 操作已被用户取消。 (0x800704C7)"
[2m2024-08-30T13:53:00.249432Z[0m [31mERROR[0m [2mglazewm::common::commands::shell_exec[0m[2m:[0m [3merr_message[0m[2m=[0m"Failed to execute '%userprofile%/.glzr/zebar/gat-gwm.exe'.\n\nError: Program path is not valid for command '%userprofile%/.glzr/zebar/gat-gwm.exe'."
[2m2024-08-30T13:53:20.817152Z[0m [31mERROR[0m [2mglazewm::common::commands::shell_exec[0m[2m:[0m [3merr_message[0m[2m=[0m"Failed to execute '%userprofile%/.glzr/zebar/gat-gwm.exe'.\n\nError: Program path is not valid for command '%userprofile%/.glzr/zebar/gat-gwm.exe'."
[2m2024-08-30T13:53:45.798796Z[0m [31mERROR[0m [2mglazewm::common::commands::shell_exec[0m[2m:[0m [3merr_message[0m[2m=[0m"Failed to execute '%userprofile%/.glzr/gat-gwm.exe'.\n\nError: 操作已被用户取消。 (0x800704C7)"
[2m2024-08-30T13:54:59.594207Z[0m [31mERROR[0m [2mglazewm::common::commands::shell_exec[0m[2m:[0m [3merr_message[0m[2m=[0m"Failed to execute '%userprofile%/.glzr/gat-gwm.exe'.\n\nError: 操作已被用户取消。 (0x800704C7)"
[2m2024-08-30T13:56:14.522340Z[0m [31mERROR[0m [2mglazewm::common::commands::shell_exec[0m[2m:[0m [3merr_message[0m[2m=[0m"Failed to execute '%userprofile%/.glzr/gat-gwm.exe'.\n\nError: 操作已被用户取消。 (0x800704C7)"
[2m2024-08-30T13:58:22.506223Z[0m [31mERROR[0m [2mglazewm::common::commands::shell_exec[0m[2m:[0m [3merr_message[0m[2m=[0m"Failed to execute '%userprofile%/.glzr/gat-gwm.exe'.\n\nError: 操作已被用户取消。 (0x800704C7)"
[2m2024-08-30T13:58:50.424122Z[0m [31mERROR[0m [2mglazewm::common::commands::shell_exec[0m[2m:[0m [3merr_message[0m[2m=[0m"Failed to execute '~/.glzr/gat-gwm.exe'.\n\nError: Program path is not valid for command '~/.glzr/gat-gwm.exe'."
[2m2024-08-30T13:59:08.275973Z[0m [31mERROR[0m [2mglazewm::common::commands::shell_exec[0m[2m:[0m [3merr_message[0m[2m=[0m"Failed to execute '~/.glzr/gat-gwm.exe'.\n\nError: Program path is not valid for command '~/.glzr/gat-gwm.exe'."
[2m2024-08-30T13:59:21.909508Z[0m [31mERROR[0m [2mglazewm::common::commands::shell_exec[0m[2m:[0m [3merr_message[0m[2m=[0m"Failed to execute '~/.glzr/gat-gwm.exe'.\n\nError: Program path is not valid for command '~/.glzr/gat-gwm.exe'."
[2m2024-08-30T13:59:52.906275Z[0m [31mERROR[0m [2mglazewm::common::commands::shell_exec[0m[2m:[0m [3merr_message[0m[2m=[0m"Failed to execute '%userprofile%/.glzr/gat-gwm.exe'.\n\nError: 操作已被用户取消。 (0x800704C7)"
[2m2024-08-31T02:27:28.845981Z[0m [31mERROR[0m [2mglazewm[0m[2m:[0m Another instance of the application is already running.
